2026-01-17 15:25:21 [restartedMain] INFO  com.printflow.PrintFlowApplication - Starting PrintFlowApplication using Java 17.0.14 with PID 2660 (C:\PrintFlow\target\classes started by DELL in C:\PrintFlow)
2026-01-17 15:25:21 [restartedMain] INFO  com.printflow.PrintFlowApplication - No active profile set, falling back to 1 default profile: "default"
2026-01-17 15:25:22 [restartedMain] INFO  o.s.b.d.e.DevToolsPropertyDefaultsPostProcessor - Devtools property defaults active! Set 'spring.devtools.add-properties' to 'false' to disable
2026-01-17 15:25:22 [restartedMain] INFO  o.s.b.d.e.DevToolsPropertyDefaultsPostProcessor - For additional web related logging consider setting the 'logging.level.web' property to 'DEBUG'
2026-01-17 15:25:23 [restartedMain] INFO  o.s.d.r.c.RepositoryConfigurationDelegate - Bootstrapping Spring Data JPA repositories in DEFAULT mode.
2026-01-17 15:25:23 [restartedMain] INFO  o.s.d.r.c.RepositoryConfigurationDelegate - Finished Spring Data repository scanning in 181 ms. Found 11 JPA repository interfaces.
2026-01-17 15:25:25 [restartedMain] INFO  o.s.b.w.e.tomcat.TomcatWebServer - Tomcat initialized with port 8088 (http)
2026-01-17 15:25:25 [restartedMain] INFO  o.a.catalina.core.StandardService - Starting service [Tomcat]
2026-01-17 15:25:25 [restartedMain] INFO  o.a.catalina.core.StandardEngine - Starting Servlet engine: [Apache Tomcat/10.1.16]
2026-01-17 15:25:25 [restartedMain] INFO  o.a.c.c.C.[Tomcat].[localhost].[/] - Initializing Spring embedded WebApplicationContext
2026-01-17 15:25:25 [restartedMain] INFO  o.s.b.w.s.c.ServletWebServerApplicationContext - Root WebApplicationContext: initialization completed in 3099 ms
2026-01-17 15:25:25 [restartedMain] INFO  o.h.jpa.internal.util.LogHelper - HHH000204: Processing PersistenceUnitInfo [name: default]
2026-01-17 15:25:25 [restartedMain] INFO  org.hibernate.Version - HHH000412: Hibernate ORM core version 6.3.1.Final
2026-01-17 15:25:25 [restartedMain] INFO  o.h.c.i.RegionFactoryInitiator - HHH000026: Second-level cache disabled
2026-01-17 15:25:26 [restartedMain] INFO  o.s.o.j.p.SpringPersistenceUnitInfo - No LoadTimeWeaver setup: ignoring JPA class transformer
2026-01-17 15:25:26 [restartedMain] INFO  com.zaxxer.hikari.HikariDataSource - HikariPool-1 - Starting...
2026-01-17 15:25:26 [restartedMain] INFO  com.zaxxer.hikari.pool.HikariPool - HikariPool-1 - Added connection com.mysql.cj.jdbc.ConnectionImpl@43c1c762
2026-01-17 15:25:26 [restartedMain] INFO  com.zaxxer.hikari.HikariDataSource - HikariPool-1 - Start completed.
2026-01-17 15:25:26 [restartedMain] WARN  org.hibernate.dialect.Dialect - HHH000511: The 5.5.0 version for [org.hibernate.dialect.MySQLDialect] is no longer supported, hence certain features may not work properly. The minimum supported version is 5.7.0. Check the community dialects project for available legacy versions.
2026-01-17 15:25:28 [restartedMain] INFO  o.h.e.t.j.p.i.JtaPlatformInitiator - HHH000489: No JTA platform available (set 'hibernate.transaction.jta.platform' to enable JTA platform integration)
2026-01-17 15:25:28 [restartedMain] INFO  o.s.o.j.LocalContainerEntityManagerFactoryBean - Initialized JPA EntityManagerFactory for persistence unit 'default'
2026-01-17 15:25:29 [restartedMain] INFO  o.s.d.j.r.query.QueryEnhancerFactory - Hibernate is in classpath; If applicable, HQL parser will be used.
2026-01-17 15:25:33 [restartedMain] INFO  o.s.s.web.DefaultSecurityFilterChain - Will secure any request with [org.springframework.security.web.session.DisableEncodeUrlFilter@2b6884f2, org.springframework.security.web.context.request.async.WebAsyncManagerIntegrationFilter@17807741, org.springframework.security.web.context.SecurityContextHolderFilter@171eca, org.springframework.security.web.header.HeaderWriterFilter@268ca767, org.springframework.web.filter.CorsFilter@ac849f5, org.springframework.security.web.authentication.logout.LogoutFilter@1186b15d, org.springframework.security.web.authentication.UsernamePasswordAuthenticationFilter@79dc913d, org.springframework.security.web.savedrequest.RequestCacheAwareFilter@76b7e684, org.springframework.security.web.servletapi.SecurityContextHolderAwareRequestFilter@695fe5d2, org.springframework.security.web.authentication.AnonymousAuthenticationFilter@5471025b, org.springframework.security.web.access.ExceptionTranslationFilter@1fc82b05, org.springframework.security.web.access.intercept.AuthorizationFilter@647427c]
2026-01-17 15:25:34 [restartedMain] INFO  o.s.b.d.a.OptionalLiveReloadServer - LiveReload server is running on port 35729
2026-01-17 15:25:34 [restartedMain] INFO  o.s.b.w.e.tomcat.TomcatWebServer - Tomcat started on port 8088 (http) with context path ''
2026-01-17 15:25:34 [restartedMain] INFO  com.printflow.PrintFlowApplication - Started PrintFlowApplication in 14.01 seconds (process running for 15.284)
2026-01-17 15:25:34 [restartedMain] INFO  c.printflow.config.DataInitializer - Data initialization completed
2026-01-17 15:25:52 [File Watcher] INFO  o.s.b.d.a.LocalDevToolsAutoConfiguration$RestartingClassPathChangeChangedEventListener - Restarting due to 106 class path changes (0 additions, 106 deletions, 0 modifications)
2026-01-17 15:25:52 [Thread-5] INFO  o.s.o.j.LocalContainerEntityManagerFactoryBean - Closing JPA EntityManagerFactory for persistence unit 'default'
2026-01-17 15:25:52 [Thread-5] INFO  com.zaxxer.hikari.HikariDataSource - HikariPool-1 - Shutdown initiated...
2026-01-17 15:25:52 [Thread-5] INFO  com.zaxxer.hikari.HikariDataSource - HikariPool-1 - Shutdown completed.
2026-01-17 15:26:51 [restartedMain] INFO  com.printflow.PrintFlowApplication - Starting PrintFlowApplication using Java 17.0.14 with PID 2660 (C:\PrintFlow\target\classes started by DELL in C:\PrintFlow)
2026-01-17 15:26:51 [restartedMain] INFO  com.printflow.PrintFlowApplication - No active profile set, falling back to 1 default profile: "default"
2026-01-17 15:26:52 [restartedMain] INFO  o.s.d.r.c.RepositoryConfigurationDelegate - Bootstrapping Spring Data JPA repositories in DEFAULT mode.
2026-01-17 15:26:52 [restartedMain] INFO  o.s.d.r.c.RepositoryConfigurationDelegate - Finished Spring Data repository scanning in 89 ms. Found 11 JPA repository interfaces.
2026-01-17 15:26:52 [restartedMain] INFO  o.s.b.w.e.tomcat.TomcatWebServer - Tomcat initialized with port 8088 (http)
2026-01-17 15:26:52 [restartedMain] INFO  o.a.catalina.core.StandardService - Starting service [Tomcat]
2026-01-17 15:26:52 [restartedMain] INFO  o.a.catalina.core.StandardEngine - Starting Servlet engine: [Apache Tomcat/10.1.16]
2026-01-17 15:26:52 [restartedMain] INFO  o.a.c.c.C.[Tomcat-1].[localhost].[/] - Initializing Spring embedded WebApplicationContext
2026-01-17 15:26:52 [restartedMain] INFO  o.s.b.w.s.c.ServletWebServerApplicationContext - Root WebApplicationContext: initialization completed in 998 ms
2026-01-17 15:26:52 [restartedMain] INFO  o.h.jpa.internal.util.LogHelper - HHH000204: Processing PersistenceUnitInfo [name: default]
2026-01-17 15:26:52 [restartedMain] INFO  o.h.c.i.RegionFactoryInitiator - HHH000026: Second-level cache disabled
2026-01-17 15:26:52 [restartedMain] INFO  o.s.o.j.p.SpringPersistenceUnitInfo - No LoadTimeWeaver setup: ignoring JPA class transformer
2026-01-17 15:26:52 [restartedMain] INFO  com.zaxxer.hikari.HikariDataSource - HikariPool-2 - Starting...
2026-01-17 15:26:52 [restartedMain] INFO  com.zaxxer.hikari.pool.HikariPool - HikariPool-2 - Added connection com.mysql.cj.jdbc.ConnectionImpl@51946e8a
2026-01-17 15:26:52 [restartedMain] INFO  com.zaxxer.hikari.HikariDataSource - HikariPool-2 - Start completed.
2026-01-17 15:26:52 [restartedMain] WARN  org.hibernate.dialect.Dialect - HHH000511: The 5.5.0 version for [org.hibernate.dialect.MySQLDialect] is no longer supported, hence certain features may not work properly. The minimum supported version is 5.7.0. Check the community dialects project for available legacy versions.
2026-01-17 15:26:53 [restartedMain] INFO  o.h.e.t.j.p.i.JtaPlatformInitiator - HHH000489: No JTA platform available (set 'hibernate.transaction.jta.platform' to enable JTA platform integration)
2026-01-17 15:26:53 [restartedMain] INFO  o.s.o.j.LocalContainerEntityManagerFactoryBean - Initialized JPA EntityManagerFactory for persistence unit 'default'
2026-01-17 15:26:54 [restartedMain] INFO  o.s.s.web.DefaultSecurityFilterChain - Will secure any request with [org.springframework.security.web.session.DisableEncodeUrlFilter@3f8cd314, org.springframework.security.web.context.request.async.WebAsyncManagerIntegrationFilter@68d82de2, org.springframework.security.web.context.SecurityContextHolderFilter@76eae02a, org.springframework.security.web.header.HeaderWriterFilter@1d24b95f, org.springframework.web.filter.CorsFilter@56f4a1e3, org.springframework.security.web.authentication.logout.LogoutFilter@668f1aa, org.springframework.security.web.authentication.UsernamePasswordAuthenticationFilter@7e2888da, org.springframework.security.web.savedrequest.RequestCacheAwareFilter@265a7a70, org.springframework.security.web.servletapi.SecurityContextHolderAwareRequestFilter@1f741224, org.springframework.security.web.authentication.AnonymousAuthenticationFilter@6c208dbf, org.springframework.security.web.access.ExceptionTranslationFilter@7bc85be4, org.springframework.security.web.access.intercept.AuthorizationFilter@4c4e4b99]
2026-01-17 15:26:54 [restartedMain] INFO  o.s.b.d.a.OptionalLiveReloadServer - LiveReload server is running on port 35729
2026-01-17 15:26:54 [restartedMain] INFO  o.s.b.w.e.tomcat.TomcatWebServer - Tomcat started on port 8088 (http) with context path ''
2026-01-17 15:26:54 [restartedMain] INFO  com.printflow.PrintFlowApplication - Started PrintFlowApplication in 3.036 seconds (process running for 95.318)
2026-01-17 15:26:54 [restartedMain] INFO  c.printflow.config.DataInitializer - Data initialization completed
2026-01-17 15:26:54 [restartedMain] INFO  o.s.b.d.a.ConditionEvaluationDeltaLoggingListener - Condition evaluation unchanged
